<?xml version="1.0" encoding="UTF-8"?>
<testng-results ignored="0" total="7" passed="0" failed="4" skipped="3">
  <reporter-output>
  </reporter-output>
  <suite started-at="2024-02-29T12:13:55 IST" name="Default suite" finished-at="2024-02-29T12:20:14 IST" duration-ms="379073">
    <groups>
    </groups>
    <test started-at="2024-02-29T12:13:55 IST" name="Default test" finished-at="2024-02-29T12:20:14 IST" duration-ms="379073">
      <class name="TestCases.Test2">
        <test-method is-config="true" signature="openBrowser()[pri:0, instance:TestCases.Test2@36916eb0]" started-at="2024-02-29T12:13:33 IST" name="openBrowser" finished-at="2024-02-29T12:13:55 IST" duration-ms="22260" status="PASS">
          <reporter-output>
          </reporter-output>
        </test-method> <!-- openBrowser -->
        <test-method is-config="true" signature="beforemethod(java.lang.reflect.Method)[pri:0, instance:TestCases.Test2@36916eb0]" started-at="2024-02-29T12:13:55 IST" name="beforemethod" finished-at="2024-02-29T12:13:55 IST" duration-ms="6" status="PASS">
          <params>
            <param index="0">
              <value>
                <![CDATA[public void TestCases.Test2.Language() throws java.lang.Exception]]>
              </value>
            </param>
          </params>
          <reporter-output>
          </reporter-output>
        </test-method> <!-- beforemethod -->
        <test-method signature="Language()[pri:0, instance:TestCases.Test2@36916eb0]" started-at="2024-02-29T12:13:55 IST" name="Language" finished-at="2024-02-29T12:14:01 IST" duration-ms="5999" status="FAIL">
          <exception class="java.io.IOException">
            <message>
              <![CDATA[The filename, directory name, or volume label syntax is incorrect]]>
            </message>
            <full-stacktrace>
              <![CDATA[java.io.IOException: The filename, directory name, or volume label syntax is incorrect
at java.base/java.io.WinNTFileSystem.canonicalize0(Native Method)
at java.base/java.io.WinNTFileSystem.canonicalize(WinNTFileSystem.java:417)
at java.base/java.io.File.getCanonicalPath(File.java:626)
at org.apache.commons.io.FileUtils.copyFile(FileUtils.java:1079)
at org.apache.commons.io.FileUtils.copyFile(FileUtils.java:1038)
at Utility.base.ScreenShotutilits(base.java:204)
at TestCases.Test2.Language(Test2.java:49)
at java.base/jdk.internal.reflect.NativeMethodAccessorImpl.invoke0(Native Method)
at java.base/jdk.internal.reflect.NativeMethodAccessorImpl.invoke(NativeMethodAccessorImpl.java:77)
at java.base/jdk.internal.reflect.DelegatingMethodAccessorImpl.invoke(DelegatingMethodAccessorImpl.java:43)
at java.base/java.lang.reflect.Method.invoke(Method.java:568)
at org.testng.internal.MethodInvocationHelper.invokeMethod(MethodInvocationHelper.java:133)
at org.testng.internal.TestInvoker.invokeMethod(TestInvoker.java:598)
at org.testng.internal.TestInvoker.invokeTestMethod(TestInvoker.java:173)
at org.testng.internal.MethodRunner.runInSequence(MethodRunner.java:46)
at org.testng.internal.TestInvoker$MethodInvocationAgent.invoke(TestInvoker.java:824)
at org.testng.internal.TestInvoker.invokeTestMethods(TestInvoker.java:146)
at org.testng.internal.TestMethodWorker.invokeTestMethods(TestMethodWorker.java:146)
at org.testng.internal.TestMethodWorker.run(TestMethodWorker.java:128)
at java.base/java.util.ArrayList.forEach(ArrayList.java:1511)
at org.testng.TestRunner.privateRun(TestRunner.java:794)
at org.testng.TestRunner.run(TestRunner.java:596)
at org.testng.SuiteRunner.runTest(SuiteRunner.java:377)
at org.testng.SuiteRunner.runSequentially(SuiteRunner.java:371)
at org.testng.SuiteRunner.privateRun(SuiteRunner.java:332)
at org.testng.SuiteRunner.run(SuiteRunner.java:276)
at org.testng.SuiteRunnerWorker.runSuite(SuiteRunnerWorker.java:53)
at org.testng.SuiteRunnerWorker.run(SuiteRunnerWorker.java:96)
at org.testng.TestNG.runSuitesSequentially(TestNG.java:1212)
at org.testng.TestNG.runSuitesLocally(TestNG.java:1134)
at org.testng.TestNG.runSuites(TestNG.java:1063)
at org.testng.TestNG.run(TestNG.java:1031)
at org.testng.remote.AbstractRemoteTestNG.run(AbstractRemoteTestNG.java:115)
at org.testng.remote.RemoteTestNG.initAndRun(RemoteTestNG.java:251)
at org.testng.remote.RemoteTestNG.main(RemoteTestNG.java:77)
]]>
            </full-stacktrace>
          </exception> <!-- java.io.IOException -->
          <reporter-output>
          </reporter-output>
        </test-method> <!-- Language -->
        <test-method is-config="true" signature="AfterMethod(org.testng.ITestResult,java.lang.reflect.Method)[pri:0, instance:TestCases.Test2@36916eb0]" started-at="2024-02-29T12:14:01 IST" name="AfterMethod" finished-at="2024-02-29T12:14:03 IST" duration-ms="2161" status="PASS">
          <params>
            <param index="0">
              <value>
                <![CDATA[[TestResult name=Language status=FAILURE method=Test2.Language()[pri:0, instance:TestCases.Test2@36916eb0] output={null}]]]>
              </value>
            </param>
            <param index="1">
              <value>
                <![CDATA[public void TestCases.Test2.Language() throws java.lang.Exception]]>
              </value>
            </param>
          </params>
          <reporter-output>
          </reporter-output>
        </test-method> <!-- AfterMethod -->
        <test-method is-config="true" signature="beforemethod(java.lang.reflect.Method)[pri:0, instance:TestCases.Test2@36916eb0]" started-at="2024-02-29T12:14:03 IST" name="beforemethod" finished-at="2024-02-29T12:14:03 IST" duration-ms="1" status="PASS">
          <params>
            <param index="0">
              <value>
                <![CDATA[public void TestCases.Test2.LoginPage() throws java.lang.Exception]]>
              </value>
            </param>
          </params>
          <reporter-output>
          </reporter-output>
        </test-method> <!-- beforemethod -->
        <test-method signature="LoginPage()[pri:1, instance:TestCases.Test2@36916eb0]" started-at="2024-02-29T12:14:03 IST" name="LoginPage" finished-at="2024-02-29T12:15:33 IST" duration-ms="90162" status="FAIL">
          <exception class="org.openqa.selenium.NoSuchElementException">
            <message>
              <![CDATA[An element could not be located on the page using the given search parameters. (WARNING: The server did not provide any stacktrace information)
Command duration or timeout: 90.16 seconds
For documentation on this error, please visit: http://seleniumhq.org/exceptions/no_such_element.html
Build info: version: '2.43.1', revision: '5163bceef1bc36d43f3dc0b83c88998168a363a0', time: '2014-09-10 09:43:55'
System info: host: 'DESKTOP-08K23UN', ip: '192.168.10.116', os.name: 'Windows 10', os.arch: 'amd64', os.version: '10.0', java.version: '17'
Driver info: io.appium.java_client.android.AndroidDriver
Capabilities [{appPackage=com.tja, statBarHeight=132, viewportRect={top=132, left=0, width=1080, height=2073}, deviceName=32281JEGR08738, platform=LINUX, Automation Name= UiAutomator2, deviceUDID=32281JEGR08738, desired={app=D:\IPAC Projects\TeamJaganAnna\Applications\app-staging-release (3).apk, appPackage=com.tja, appActivity=com.tja.activities.LandingActivity, Udid=32281JEGR08738, platformVersion=14, platformName=Android, deviceName=Pixel 6a, Automation Name= UiAutomator2}, platformVersion=14, webStorageEnabled=false, takesScreenshot=true, javascriptEnabled=true, platformName=Android, deviceApiLevel=34, deviceManufacturer=Google, app=D:\IPAC Projects\TeamJaganAnna\Applications\app-staging-release (3).apk, deviceScreenSize=1080x2400, networkConnectionEnabled=true, Udid=32281JEGR08738, warnings={}, databaseEnabled=false, appActivity=com.tja.activities.LandingActivity, pixelRatio=2.625, locationContextEnabled=false, deviceScreenDensity=420, deviceModel=Pixel 6a}]
Session ID: d81579e0-3615-4da4-83a5-e649534164af]]>
            </message>
            <full-stacktrace>
              <![CDATA[org.openqa.selenium.NoSuchElementException: An element could not be located on the page using the given search parameters. (WARNING: The server did not provide any stacktrace information)
Command duration or timeout: 90.16 seconds
For documentation on this error, please visit: http://seleniumhq.org/exceptions/no_such_element.html
Build info: version: '2.43.1', revision: '5163bceef1bc36d43f3dc0b83c88998168a363a0', time: '2014-09-10 09:43:55'
System info: host: 'DESKTOP-08K23UN', ip: '192.168.10.116', os.name: 'Windows 10', os.arch: 'amd64', os.version: '10.0', java.version: '17'
Driver info: io.appium.java_client.android.AndroidDriver
Capabilities [{appPackage=com.tja, statBarHeight=132, viewportRect={top=132, left=0, width=1080, height=2073}, deviceName=32281JEGR08738, platform=LINUX, Automation Name= UiAutomator2, deviceUDID=32281JEGR08738, desired={app=D:\IPAC Projects\TeamJaganAnna\Applications\app-staging-release (3).apk, appPackage=com.tja, appActivity=com.tja.activities.LandingActivity, Udid=32281JEGR08738, platformVersion=14, platformName=Android, deviceName=Pixel 6a, Automation Name= UiAutomator2}, platformVersion=14, webStorageEnabled=false, takesScreenshot=true, javascriptEnabled=true, platformName=Android, deviceApiLevel=34, deviceManufacturer=Google, app=D:\IPAC Projects\TeamJaganAnna\Applications\app-staging-release (3).apk, deviceScreenSize=1080x2400, networkConnectionEnabled=true, Udid=32281JEGR08738, warnings={}, databaseEnabled=false, appActivity=com.tja.activities.LandingActivity, pixelRatio=2.625, locationContextEnabled=false, deviceScreenDensity=420, deviceModel=Pixel 6a}]
Session ID: d81579e0-3615-4da4-83a5-e649534164af
at java.base/jdk.internal.reflect.NativeConstructorAccessorImpl.newInstance0(Native Method)
at java.base/jdk.internal.reflect.NativeConstructorAccessorImpl.newInstance(NativeConstructorAccessorImpl.java:77)
at java.base/jdk.internal.reflect.DelegatingConstructorAccessorImpl.newInstance(DelegatingConstructorAccessorImpl.java:45)
at java.base/java.lang.reflect.Constructor.newInstanceWithCaller(Constructor.java:499)
at java.base/java.lang.reflect.Constructor.newInstance(Constructor.java:480)
at org.openqa.selenium.remote.ErrorHandler.createThrowable(ErrorHandler.java:204)
at org.openqa.selenium.remote.ErrorHandler.throwIfResponseFailed(ErrorHandler.java:156)
at org.openqa.selenium.remote.RemoteWebDriver.execute(RemoteWebDriver.java:599)
at io.appium.java_client.AppiumDriver.execute(AppiumDriver.java:180)
at org.openqa.selenium.remote.RemoteWebDriver.findElement(RemoteWebDriver.java:352)
at org.openqa.selenium.remote.RemoteWebDriver.findElementByXPath(RemoteWebDriver.java:449)
at org.openqa.selenium.By$ByXPath.findElement(By.java:357)
at org.openqa.selenium.remote.RemoteWebDriver.findElement(RemoteWebDriver.java:344)
at TestCases.Test2.LoginPage(Test2.java:103)
at java.base/jdk.internal.reflect.NativeMethodAccessorImpl.invoke0(Native Method)
at java.base/jdk.internal.reflect.NativeMethodAccessorImpl.invoke(NativeMethodAccessorImpl.java:77)
at java.base/jdk.internal.reflect.DelegatingMethodAccessorImpl.invoke(DelegatingMethodAccessorImpl.java:43)
at java.base/java.lang.reflect.Method.invoke(Method.java:568)
at org.testng.internal.MethodInvocationHelper.invokeMethod(MethodInvocationHelper.java:133)
at org.testng.internal.TestInvoker.invokeMethod(TestInvoker.java:598)
at org.testng.internal.TestInvoker.invokeTestMethod(TestInvoker.java:173)
at org.testng.internal.MethodRunner.runInSequence(MethodRunner.java:46)
at org.testng.internal.TestInvoker$MethodInvocationAgent.invoke(TestInvoker.java:824)
at org.testng.internal.TestInvoker.invokeTestMethods(TestInvoker.java:146)
at org.testng.internal.TestMethodWorker.invokeTestMethods(TestMethodWorker.java:146)
at org.testng.internal.TestMethodWorker.run(TestMethodWorker.java:128)
at java.base/java.util.ArrayList.forEach(ArrayList.java:1511)
at org.testng.TestRunner.privateRun(TestRunner.java:794)
at org.testng.TestRunner.run(TestRunner.java:596)
at org.testng.SuiteRunner.runTest(SuiteRunner.java:377)
at org.testng.SuiteRunner.runSequentially(SuiteRunner.java:371)
at org.testng.SuiteRunner.privateRun(SuiteRunner.java:332)
at org.testng.SuiteRunner.run(SuiteRunner.java:276)
at org.testng.SuiteRunnerWorker.runSuite(SuiteRunnerWorker.java:53)
at org.testng.SuiteRunnerWorker.run(SuiteRunnerWorker.java:96)
at org.testng.TestNG.runSuitesSequentially(TestNG.java:1212)
at org.testng.TestNG.runSuitesLocally(TestNG.java:1134)
at org.testng.TestNG.runSuites(TestNG.java:1063)
at org.testng.TestNG.run(TestNG.java:1031)
at org.testng.remote.AbstractRemoteTestNG.run(AbstractRemoteTestNG.java:115)
at org.testng.remote.RemoteTestNG.initAndRun(RemoteTestNG.java:251)
at org.testng.remote.RemoteTestNG.main(RemoteTestNG.java:77)
]]>
            </full-stacktrace>
          </exception> <!-- org.openqa.selenium.NoSuchElementException -->
          <reporter-output>
          </reporter-output>
        </test-method> <!-- LoginPage -->
        <test-method is-config="true" signature="AfterMethod(org.testng.ITestResult,java.lang.reflect.Method)[pri:0, instance:TestCases.Test2@36916eb0]" started-at="2024-02-29T12:15:33 IST" name="AfterMethod" finished-at="2024-02-29T12:15:34 IST" duration-ms="1171" status="PASS">
          <params>
            <param index="0">
              <value>
                <![CDATA[[TestResult name=LoginPage status=FAILURE method=Test2.LoginPage()[pri:1, instance:TestCases.Test2@36916eb0] output={null}]]]>
              </value>
            </param>
            <param index="1">
              <value>
                <![CDATA[public void TestCases.Test2.LoginPage() throws java.lang.Exception]]>
              </value>
            </param>
          </params>
          <reporter-output>
          </reporter-output>
        </test-method> <!-- AfterMethod -->
        <test-method is-config="true" signature="beforemethod(java.lang.reflect.Method)[pri:0, instance:TestCases.Test2@36916eb0]" started-at="2024-02-29T12:15:34 IST" name="beforemethod" finished-at="2024-02-29T12:15:34 IST" duration-ms="1" status="PASS">
          <params>
            <param index="0">
              <value>
                <![CDATA[public void TestCases.Test2.GetVerifiedPage() throws java.lang.Exception]]>
              </value>
            </param>
          </params>
          <reporter-output>
          </reporter-output>
        </test-method> <!-- beforemethod -->
        <test-method signature="GetVerifiedPage()[pri:3, instance:TestCases.Test2@36916eb0]" started-at="2024-02-29T12:15:34 IST" name="GetVerifiedPage" finished-at="2024-02-29T12:17:05 IST" duration-ms="90206" status="FAIL">
          <exception class="org.openqa.selenium.NoSuchElementException">
            <message>
              <![CDATA[An element could not be located on the page using the given search parameters. (WARNING: The server did not provide any stacktrace information)
Command duration or timeout: 90.20 seconds
For documentation on this error, please visit: http://seleniumhq.org/exceptions/no_such_element.html
Build info: version: '2.43.1', revision: '5163bceef1bc36d43f3dc0b83c88998168a363a0', time: '2014-09-10 09:43:55'
System info: host: 'DESKTOP-08K23UN', ip: '192.168.10.116', os.name: 'Windows 10', os.arch: 'amd64', os.version: '10.0', java.version: '17'
Driver info: io.appium.java_client.android.AndroidDriver
Capabilities [{appPackage=com.tja, statBarHeight=132, viewportRect={top=132, left=0, width=1080, height=2073}, deviceName=32281JEGR08738, platform=LINUX, Automation Name= UiAutomator2, deviceUDID=32281JEGR08738, desired={app=D:\IPAC Projects\TeamJaganAnna\Applications\app-staging-release (3).apk, appPackage=com.tja, appActivity=com.tja.activities.LandingActivity, Udid=32281JEGR08738, platformVersion=14, platformName=Android, deviceName=Pixel 6a, Automation Name= UiAutomator2}, platformVersion=14, webStorageEnabled=false, takesScreenshot=true, javascriptEnabled=true, platformName=Android, deviceApiLevel=34, deviceManufacturer=Google, app=D:\IPAC Projects\TeamJaganAnna\Applications\app-staging-release (3).apk, deviceScreenSize=1080x2400, networkConnectionEnabled=true, Udid=32281JEGR08738, warnings={}, databaseEnabled=false, appActivity=com.tja.activities.LandingActivity, pixelRatio=2.625, locationContextEnabled=false, deviceScreenDensity=420, deviceModel=Pixel 6a}]
Session ID: d81579e0-3615-4da4-83a5-e649534164af]]>
            </message>
            <full-stacktrace>
              <![CDATA[org.openqa.selenium.NoSuchElementException: An element could not be located on the page using the given search parameters. (WARNING: The server did not provide any stacktrace information)
Command duration or timeout: 90.20 seconds
For documentation on this error, please visit: http://seleniumhq.org/exceptions/no_such_element.html
Build info: version: '2.43.1', revision: '5163bceef1bc36d43f3dc0b83c88998168a363a0', time: '2014-09-10 09:43:55'
System info: host: 'DESKTOP-08K23UN', ip: '192.168.10.116', os.name: 'Windows 10', os.arch: 'amd64', os.version: '10.0', java.version: '17'
Driver info: io.appium.java_client.android.AndroidDriver
Capabilities [{appPackage=com.tja, statBarHeight=132, viewportRect={top=132, left=0, width=1080, height=2073}, deviceName=32281JEGR08738, platform=LINUX, Automation Name= UiAutomator2, deviceUDID=32281JEGR08738, desired={app=D:\IPAC Projects\TeamJaganAnna\Applications\app-staging-release (3).apk, appPackage=com.tja, appActivity=com.tja.activities.LandingActivity, Udid=32281JEGR08738, platformVersion=14, platformName=Android, deviceName=Pixel 6a, Automation Name= UiAutomator2}, platformVersion=14, webStorageEnabled=false, takesScreenshot=true, javascriptEnabled=true, platformName=Android, deviceApiLevel=34, deviceManufacturer=Google, app=D:\IPAC Projects\TeamJaganAnna\Applications\app-staging-release (3).apk, deviceScreenSize=1080x2400, networkConnectionEnabled=true, Udid=32281JEGR08738, warnings={}, databaseEnabled=false, appActivity=com.tja.activities.LandingActivity, pixelRatio=2.625, locationContextEnabled=false, deviceScreenDensity=420, deviceModel=Pixel 6a}]
Session ID: d81579e0-3615-4da4-83a5-e649534164af
at java.base/jdk.internal.reflect.NativeConstructorAccessorImpl.newInstance0(Native Method)
at java.base/jdk.internal.reflect.NativeConstructorAccessorImpl.newInstance(NativeConstructorAccessorImpl.java:77)
at java.base/jdk.internal.reflect.DelegatingConstructorAccessorImpl.newInstance(DelegatingConstructorAccessorImpl.java:45)
at java.base/java.lang.reflect.Constructor.newInstanceWithCaller(Constructor.java:499)
at java.base/java.lang.reflect.Constructor.newInstance(Constructor.java:480)
at org.openqa.selenium.remote.ErrorHandler.createThrowable(ErrorHandler.java:204)
at org.openqa.selenium.remote.ErrorHandler.throwIfResponseFailed(ErrorHandler.java:156)
at org.openqa.selenium.remote.RemoteWebDriver.execute(RemoteWebDriver.java:599)
at io.appium.java_client.AppiumDriver.execute(AppiumDriver.java:180)
at org.openqa.selenium.remote.RemoteWebDriver.findElement(RemoteWebDriver.java:352)
at org.openqa.selenium.remote.RemoteWebDriver.findElementByXPath(RemoteWebDriver.java:449)
at org.openqa.selenium.By$ByXPath.findElement(By.java:357)
at org.openqa.selenium.remote.RemoteWebDriver.findElement(RemoteWebDriver.java:344)
at TestCases.Test2.GetVerifiedPage(Test2.java:281)
at java.base/jdk.internal.reflect.NativeMethodAccessorImpl.invoke0(Native Method)
at java.base/jdk.internal.reflect.NativeMethodAccessorImpl.invoke(NativeMethodAccessorImpl.java:77)
at java.base/jdk.internal.reflect.DelegatingMethodAccessorImpl.invoke(DelegatingMethodAccessorImpl.java:43)
at java.base/java.lang.reflect.Method.invoke(Method.java:568)
at org.testng.internal.MethodInvocationHelper.invokeMethod(MethodInvocationHelper.java:133)
at org.testng.internal.TestInvoker.invokeMethod(TestInvoker.java:598)
at org.testng.internal.TestInvoker.invokeTestMethod(TestInvoker.java:173)
at org.testng.internal.MethodRunner.runInSequence(MethodRunner.java:46)
at org.testng.internal.TestInvoker$MethodInvocationAgent.invoke(TestInvoker.java:824)
at org.testng.internal.TestInvoker.invokeTestMethods(TestInvoker.java:146)
at org.testng.internal.TestMethodWorker.invokeTestMethods(TestMethodWorker.java:146)
at org.testng.internal.TestMethodWorker.run(TestMethodWorker.java:128)
at java.base/java.util.ArrayList.forEach(ArrayList.java:1511)
at org.testng.TestRunner.privateRun(TestRunner.java:794)
at org.testng.TestRunner.run(TestRunner.java:596)
at org.testng.SuiteRunner.runTest(SuiteRunner.java:377)
at org.testng.SuiteRunner.runSequentially(SuiteRunner.java:371)
at org.testng.SuiteRunner.privateRun(SuiteRunner.java:332)
at org.testng.SuiteRunner.run(SuiteRunner.java:276)
at org.testng.SuiteRunnerWorker.runSuite(SuiteRunnerWorker.java:53)
at org.testng.SuiteRunnerWorker.run(SuiteRunnerWorker.java:96)
at org.testng.TestNG.runSuitesSequentially(TestNG.java:1212)
at org.testng.TestNG.runSuitesLocally(TestNG.java:1134)
at org.testng.TestNG.runSuites(TestNG.java:1063)
at org.testng.TestNG.run(TestNG.java:1031)
at org.testng.remote.AbstractRemoteTestNG.run(AbstractRemoteTestNG.java:115)
at org.testng.remote.RemoteTestNG.initAndRun(RemoteTestNG.java:251)
at org.testng.remote.RemoteTestNG.main(RemoteTestNG.java:77)
]]>
            </full-stacktrace>
          </exception> <!-- org.openqa.selenium.NoSuchElementException -->
          <reporter-output>
          </reporter-output>
        </test-method> <!-- GetVerifiedPage -->
        <test-method is-config="true" signature="AfterMethod(org.testng.ITestResult,java.lang.reflect.Method)[pri:0, instance:TestCases.Test2@36916eb0]" started-at="2024-02-29T12:17:05 IST" name="AfterMethod" finished-at="2024-02-29T12:17:06 IST" duration-ms="1231" status="PASS">
          <params>
            <param index="0">
              <value>
                <![CDATA[[TestResult name=GetVerifiedPage status=FAILURE method=Test2.GetVerifiedPage()[pri:3, instance:TestCases.Test2@36916eb0] output={null}]]]>
              </value>
            </param>
            <param index="1">
              <value>
                <![CDATA[public void TestCases.Test2.GetVerifiedPage() throws java.lang.Exception]]>
              </value>
            </param>
          </params>
          <reporter-output>
          </reporter-output>
        </test-method> <!-- AfterMethod -->
        <test-method is-config="true" signature="beforemethod(java.lang.reflect.Method)[pri:0, instance:TestCases.Test2@36916eb0]" started-at="2024-02-29T12:17:06 IST" name="beforemethod" finished-at="2024-02-29T12:17:06 IST" duration-ms="0" status="PASS">
          <params>
            <param index="0">
              <value>
                <![CDATA[public void TestCases.Test2.ProfilePage() throws java.lang.Exception]]>
              </value>
            </param>
          </params>
          <reporter-output>
          </reporter-output>
        </test-method> <!-- beforemethod -->
        <test-method signature="ProfilePage()[pri:3, instance:TestCases.Test2@36916eb0]" started-at="2024-02-29T12:17:06 IST" name="ProfilePage" finished-at="2024-02-29T12:20:14 IST" duration-ms="187907" status="FAIL">
          <exception class="org.openqa.selenium.WebDriverException">
            <message>
              <![CDATA[An unknown server-side error occurred while processing the command. Original error: 'POST /element' cannot be proxied to UiAutomator2 server because the instrumentation process is not running (probably crashed). Check the server log and/or the logcat output for more details (WARNING: The server did not provide any stacktrace information)
Command duration or timeout: 187.90 seconds
Build info: version: '2.43.1', revision: '5163bceef1bc36d43f3dc0b83c88998168a363a0', time: '2014-09-10 09:43:55'
System info: host: 'DESKTOP-08K23UN', ip: '192.168.10.116', os.name: 'Windows 10', os.arch: 'amd64', os.version: '10.0', java.version: '17'
Driver info: io.appium.java_client.android.AndroidDriver
Capabilities [{appPackage=com.tja, statBarHeight=132, viewportRect={top=132, left=0, width=1080, height=2073}, deviceName=32281JEGR08738, platform=LINUX, Automation Name= UiAutomator2, deviceUDID=32281JEGR08738, desired={app=D:\IPAC Projects\TeamJaganAnna\Applications\app-staging-release (3).apk, appPackage=com.tja, appActivity=com.tja.activities.LandingActivity, Udid=32281JEGR08738, platformVersion=14, platformName=Android, deviceName=Pixel 6a, Automation Name= UiAutomator2}, platformVersion=14, webStorageEnabled=false, takesScreenshot=true, javascriptEnabled=true, platformName=Android, deviceApiLevel=34, deviceManufacturer=Google, app=D:\IPAC Projects\TeamJaganAnna\Applications\app-staging-release (3).apk, deviceScreenSize=1080x2400, networkConnectionEnabled=true, Udid=32281JEGR08738, warnings={}, databaseEnabled=false, appActivity=com.tja.activities.LandingActivity, pixelRatio=2.625, locationContextEnabled=false, deviceScreenDensity=420, deviceModel=Pixel 6a}]
Session ID: d81579e0-3615-4da4-83a5-e649534164af]]>
            </message>
            <full-stacktrace>
              <![CDATA[org.openqa.selenium.WebDriverException: An unknown server-side error occurred while processing the command. Original error: 'POST /element' cannot be proxied to UiAutomator2 server because the instrumentation process is not running (probably crashed). Check the server log and/or the logcat output for more details (WARNING: The server did not provide any stacktrace information)
Command duration or timeout: 187.90 seconds
Build info: version: '2.43.1', revision: '5163bceef1bc36d43f3dc0b83c88998168a363a0', time: '2014-09-10 09:43:55'
System info: host: 'DESKTOP-08K23UN', ip: '192.168.10.116', os.name: 'Windows 10', os.arch: 'amd64', os.version: '10.0', java.version: '17'
Driver info: io.appium.java_client.android.AndroidDriver
Capabilities [{appPackage=com.tja, statBarHeight=132, viewportRect={top=132, left=0, width=1080, height=2073}, deviceName=32281JEGR08738, platform=LINUX, Automation Name= UiAutomator2, deviceUDID=32281JEGR08738, desired={app=D:\IPAC Projects\TeamJaganAnna\Applications\app-staging-release (3).apk, appPackage=com.tja, appActivity=com.tja.activities.LandingActivity, Udid=32281JEGR08738, platformVersion=14, platformName=Android, deviceName=Pixel 6a, Automation Name= UiAutomator2}, platformVersion=14, webStorageEnabled=false, takesScreenshot=true, javascriptEnabled=true, platformName=Android, deviceApiLevel=34, deviceManufacturer=Google, app=D:\IPAC Projects\TeamJaganAnna\Applications\app-staging-release (3).apk, deviceScreenSize=1080x2400, networkConnectionEnabled=true, Udid=32281JEGR08738, warnings={}, databaseEnabled=false, appActivity=com.tja.activities.LandingActivity, pixelRatio=2.625, locationContextEnabled=false, deviceScreenDensity=420, deviceModel=Pixel 6a}]
Session ID: d81579e0-3615-4da4-83a5-e649534164af
at java.base/jdk.internal.reflect.NativeConstructorAccessorImpl.newInstance0(Native Method)
at java.base/jdk.internal.reflect.NativeConstructorAccessorImpl.newInstance(NativeConstructorAccessorImpl.java:77)
at java.base/jdk.internal.reflect.DelegatingConstructorAccessorImpl.newInstance(DelegatingConstructorAccessorImpl.java:45)
at java.base/java.lang.reflect.Constructor.newInstanceWithCaller(Constructor.java:499)
at java.base/java.lang.reflect.Constructor.newInstance(Constructor.java:480)
at org.openqa.selenium.remote.ErrorHandler.createThrowable(ErrorHandler.java:204)
at org.openqa.selenium.remote.ErrorHandler.throwIfResponseFailed(ErrorHandler.java:156)
at org.openqa.selenium.remote.RemoteWebDriver.execute(RemoteWebDriver.java:599)
at io.appium.java_client.AppiumDriver.execute(AppiumDriver.java:180)
at org.openqa.selenium.remote.RemoteWebDriver.findElement(RemoteWebDriver.java:352)
at org.openqa.selenium.remote.RemoteWebDriver.findElementByXPath(RemoteWebDriver.java:449)
at org.openqa.selenium.By$ByXPath.findElement(By.java:357)
at org.openqa.selenium.remote.RemoteWebDriver.findElement(RemoteWebDriver.java:344)
at TestCases.Test2.ProfilePage(Test2.java:165)
at java.base/jdk.internal.reflect.NativeMethodAccessorImpl.invoke0(Native Method)
at java.base/jdk.internal.reflect.NativeMethodAccessorImpl.invoke(NativeMethodAccessorImpl.java:77)
at java.base/jdk.internal.reflect.DelegatingMethodAccessorImpl.invoke(DelegatingMethodAccessorImpl.java:43)
at java.base/java.lang.reflect.Method.invoke(Method.java:568)
at org.testng.internal.MethodInvocationHelper.invokeMethod(MethodInvocationHelper.java:133)
at org.testng.internal.TestInvoker.invokeMethod(TestInvoker.java:598)
at org.testng.internal.TestInvoker.invokeTestMethod(TestInvoker.java:173)
at org.testng.internal.MethodRunner.runInSequence(MethodRunner.java:46)
at org.testng.internal.TestInvoker$MethodInvocationAgent.invoke(TestInvoker.java:824)
at org.testng.internal.TestInvoker.invokeTestMethods(TestInvoker.java:146)
at org.testng.internal.TestMethodWorker.invokeTestMethods(TestMethodWorker.java:146)
at org.testng.internal.TestMethodWorker.run(TestMethodWorker.java:128)
at java.base/java.util.ArrayList.forEach(ArrayList.java:1511)
at org.testng.TestRunner.privateRun(TestRunner.java:794)
at org.testng.TestRunner.run(TestRunner.java:596)
at org.testng.SuiteRunner.runTest(SuiteRunner.java:377)
at org.testng.SuiteRunner.runSequentially(SuiteRunner.java:371)
at org.testng.SuiteRunner.privateRun(SuiteRunner.java:332)
at org.testng.SuiteRunner.run(SuiteRunner.java:276)
at org.testng.SuiteRunnerWorker.runSuite(SuiteRunnerWorker.java:53)
at org.testng.SuiteRunnerWorker.run(SuiteRunnerWorker.java:96)
at org.testng.TestNG.runSuitesSequentially(TestNG.java:1212)
at org.testng.TestNG.runSuitesLocally(TestNG.java:1134)
at org.testng.TestNG.runSuites(TestNG.java:1063)
at org.testng.TestNG.run(TestNG.java:1031)
at org.testng.remote.AbstractRemoteTestNG.run(AbstractRemoteTestNG.java:115)
at org.testng.remote.RemoteTestNG.initAndRun(RemoteTestNG.java:251)
at org.testng.remote.RemoteTestNG.main(RemoteTestNG.java:77)
]]>
            </full-stacktrace>
          </exception> <!-- org.openqa.selenium.WebDriverException -->
          <reporter-output>
          </reporter-output>
        </test-method> <!-- ProfilePage -->
        <test-method is-config="true" signature="AfterMethod(org.testng.ITestResult,java.lang.reflect.Method)[pri:0, instance:TestCases.Test2@36916eb0]" started-at="2024-02-29T12:20:14 IST" name="AfterMethod" finished-at="2024-02-29T12:20:14 IST" duration-ms="12" status="FAIL">
          <params>
            <param index="0">
              <value>
                <![CDATA[[TestResult name=ProfilePage status=FAILURE method=Test2.ProfilePage()[pri:3, instance:TestCases.Test2@36916eb0] output={null}]]]>
              </value>
            </param>
            <param index="1">
              <value>
                <![CDATA[public void TestCases.Test2.ProfilePage() throws java.lang.Exception]]>
              </value>
            </param>
          </params>
          <exception class="org.openqa.selenium.WebDriverException">
            <message>
              <![CDATA[An unknown server-side error occurred while processing the command. Original error: 'GET /screenshot' cannot be proxied to UiAutomator2 server because the instrumentation process is not running (probably crashed). Check the server log and/or the logcat output for more details (WARNING: The server did not provide any stacktrace information)
Command duration or timeout: 10 milliseconds
Build info: version: '2.43.1', revision: '5163bceef1bc36d43f3dc0b83c88998168a363a0', time: '2014-09-10 09:43:55'
System info: host: 'DESKTOP-08K23UN', ip: '192.168.10.116', os.name: 'Windows 10', os.arch: 'amd64', os.version: '10.0', java.version: '17'
Driver info: io.appium.java_client.android.AndroidDriver
Capabilities [{appPackage=com.tja, statBarHeight=132, viewportRect={top=132, left=0, width=1080, height=2073}, deviceName=32281JEGR08738, platform=LINUX, Automation Name= UiAutomator2, deviceUDID=32281JEGR08738, desired={app=D:\IPAC Projects\TeamJaganAnna\Applications\app-staging-release (3).apk, appPackage=com.tja, appActivity=com.tja.activities.LandingActivity, Udid=32281JEGR08738, platformVersion=14, platformName=Android, deviceName=Pixel 6a, Automation Name= UiAutomator2}, platformVersion=14, webStorageEnabled=false, takesScreenshot=true, javascriptEnabled=true, platformName=Android, deviceApiLevel=34, deviceManufacturer=Google, app=D:\IPAC Projects\TeamJaganAnna\Applications\app-staging-release (3).apk, deviceScreenSize=1080x2400, networkConnectionEnabled=true, Udid=32281JEGR08738, warnings={}, databaseEnabled=false, appActivity=com.tja.activities.LandingActivity, pixelRatio=2.625, locationContextEnabled=false, deviceScreenDensity=420, deviceModel=Pixel 6a}]
Session ID: d81579e0-3615-4da4-83a5-e649534164af]]>
            </message>
            <full-stacktrace>
              <![CDATA[org.openqa.selenium.WebDriverException: An unknown server-side error occurred while processing the command. Original error: 'GET /screenshot' cannot be proxied to UiAutomator2 server because the instrumentation process is not running (probably crashed). Check the server log and/or the logcat output for more details (WARNING: The server did not provide any stacktrace information)
Command duration or timeout: 10 milliseconds
Build info: version: '2.43.1', revision: '5163bceef1bc36d43f3dc0b83c88998168a363a0', time: '2014-09-10 09:43:55'
System info: host: 'DESKTOP-08K23UN', ip: '192.168.10.116', os.name: 'Windows 10', os.arch: 'amd64', os.version: '10.0', java.version: '17'
Driver info: io.appium.java_client.android.AndroidDriver
Capabilities [{appPackage=com.tja, statBarHeight=132, viewportRect={top=132, left=0, width=1080, height=2073}, deviceName=32281JEGR08738, platform=LINUX, Automation Name= UiAutomator2, deviceUDID=32281JEGR08738, desired={app=D:\IPAC Projects\TeamJaganAnna\Applications\app-staging-release (3).apk, appPackage=com.tja, appActivity=com.tja.activities.LandingActivity, Udid=32281JEGR08738, platformVersion=14, platformName=Android, deviceName=Pixel 6a, Automation Name= UiAutomator2}, platformVersion=14, webStorageEnabled=false, takesScreenshot=true, javascriptEnabled=true, platformName=Android, deviceApiLevel=34, deviceManufacturer=Google, app=D:\IPAC Projects\TeamJaganAnna\Applications\app-staging-release (3).apk, deviceScreenSize=1080x2400, networkConnectionEnabled=true, Udid=32281JEGR08738, warnings={}, databaseEnabled=false, appActivity=com.tja.activities.LandingActivity, pixelRatio=2.625, locationContextEnabled=false, deviceScreenDensity=420, deviceModel=Pixel 6a}]
Session ID: d81579e0-3615-4da4-83a5-e649534164af
at java.base/jdk.internal.reflect.NativeConstructorAccessorImpl.newInstance0(Native Method)
at java.base/jdk.internal.reflect.NativeConstructorAccessorImpl.newInstance(NativeConstructorAccessorImpl.java:77)
at java.base/jdk.internal.reflect.DelegatingConstructorAccessorImpl.newInstance(DelegatingConstructorAccessorImpl.java:45)
at java.base/java.lang.reflect.Constructor.newInstanceWithCaller(Constructor.java:499)
at java.base/java.lang.reflect.Constructor.newInstance(Constructor.java:480)
at org.openqa.selenium.remote.ErrorHandler.createThrowable(ErrorHandler.java:204)
at org.openqa.selenium.remote.ErrorHandler.throwIfResponseFailed(ErrorHandler.java:156)
at org.openqa.selenium.remote.RemoteWebDriver.execute(RemoteWebDriver.java:599)
at io.appium.java_client.AppiumDriver.execute(AppiumDriver.java:180)
at io.appium.java_client.AppiumDriver.execute(AppiumDriver.java:185)
at org.openqa.selenium.remote.RemoteWebDriver.getScreenshotAs(RemoteWebDriver.java:324)
at Utility.base.AfterMethod(base.java:147)
at java.base/jdk.internal.reflect.NativeMethodAccessorImpl.invoke0(Native Method)
at java.base/jdk.internal.reflect.NativeMethodAccessorImpl.invoke(NativeMethodAccessorImpl.java:77)
at java.base/jdk.internal.reflect.DelegatingMethodAccessorImpl.invoke(DelegatingMethodAccessorImpl.java:43)
at java.base/java.lang.reflect.Method.invoke(Method.java:568)
at org.testng.internal.MethodInvocationHelper.invokeMethod(MethodInvocationHelper.java:133)
at org.testng.internal.MethodInvocationHelper.invokeMethodConsideringTimeout(MethodInvocationHelper.java:62)
at org.testng.internal.ConfigInvoker.invokeConfigurationMethod(ConfigInvoker.java:385)
at org.testng.internal.ConfigInvoker.invokeConfigurations(ConfigInvoker.java:321)
at org.testng.internal.TestInvoker.runConfigMethods(TestInvoker.java:700)
at org.testng.internal.TestInvoker.runAfterGroupsConfigurations(TestInvoker.java:676)
at org.testng.internal.TestInvoker.invokeMethod(TestInvoker.java:660)
at org.testng.internal.TestInvoker.invokeTestMethod(TestInvoker.java:173)
at org.testng.internal.MethodRunner.runInSequence(MethodRunner.java:46)
at org.testng.internal.TestInvoker$MethodInvocationAgent.invoke(TestInvoker.java:824)
at org.testng.internal.TestInvoker.invokeTestMethods(TestInvoker.java:146)
at org.testng.internal.TestMethodWorker.invokeTestMethods(TestMethodWorker.java:146)
at org.testng.internal.TestMethodWorker.run(TestMethodWorker.java:128)
at java.base/java.util.ArrayList.forEach(ArrayList.java:1511)
at org.testng.TestRunner.privateRun(TestRunner.java:794)
at org.testng.TestRunner.run(TestRunner.java:596)
at org.testng.SuiteRunner.runTest(SuiteRunner.java:377)
at org.testng.SuiteRunner.runSequentially(SuiteRunner.java:371)
at org.testng.SuiteRunner.privateRun(SuiteRunner.java:332)
at org.testng.SuiteRunner.run(SuiteRunner.java:276)
at org.testng.SuiteRunnerWorker.runSuite(SuiteRunnerWorker.java:53)
at org.testng.SuiteRunnerWorker.run(SuiteRunnerWorker.java:96)
at org.testng.TestNG.runSuitesSequentially(TestNG.java:1212)
at org.testng.TestNG.runSuitesLocally(TestNG.java:1134)
at org.testng.TestNG.runSuites(TestNG.java:1063)
at org.testng.TestNG.run(TestNG.java:1031)
at org.testng.remote.AbstractRemoteTestNG.run(AbstractRemoteTestNG.java:115)
at org.testng.remote.RemoteTestNG.initAndRun(RemoteTestNG.java:251)
at org.testng.remote.RemoteTestNG.main(RemoteTestNG.java:77)
]]>
            </full-stacktrace>
          </exception> <!-- org.openqa.selenium.WebDriverException -->
          <reporter-output>
          </reporter-output>
        </test-method> <!-- AfterMethod -->
        <test-method is-config="true" signature="beforemethod(java.lang.reflect.Method)[pri:0, instance:TestCases.Test2@36916eb0]" started-at="2024-02-29T12:20:14 IST" name="beforemethod" finished-at="1970-01-01T05:30:00 IST" duration-ms="-1709189414342" status="SKIP">
          <reporter-output>
          </reporter-output>
        </test-method> <!-- beforemethod -->
        <test-method signature="BasicDetailsPage()[pri:4, instance:TestCases.Test2@36916eb0]" started-at="2024-02-29T12:20:14 IST" name="BasicDetailsPage" finished-at="2024-02-29T12:20:14 IST" duration-ms="0" status="SKIP">
          <exception class="org.openqa.selenium.WebDriverException">
            <message>
              <![CDATA[An unknown server-side error occurred while processing the command. Original error: 'GET /screenshot' cannot be proxied to UiAutomator2 server because the instrumentation process is not running (probably crashed). Check the server log and/or the logcat output for more details (WARNING: The server did not provide any stacktrace information)
Command duration or timeout: 10 milliseconds
Build info: version: '2.43.1', revision: '5163bceef1bc36d43f3dc0b83c88998168a363a0', time: '2014-09-10 09:43:55'
System info: host: 'DESKTOP-08K23UN', ip: '192.168.10.116', os.name: 'Windows 10', os.arch: 'amd64', os.version: '10.0', java.version: '17'
Driver info: io.appium.java_client.android.AndroidDriver
Capabilities [{appPackage=com.tja, statBarHeight=132, viewportRect={top=132, left=0, width=1080, height=2073}, deviceName=32281JEGR08738, platform=LINUX, Automation Name= UiAutomator2, deviceUDID=32281JEGR08738, desired={app=D:\IPAC Projects\TeamJaganAnna\Applications\app-staging-release (3).apk, appPackage=com.tja, appActivity=com.tja.activities.LandingActivity, Udid=32281JEGR08738, platformVersion=14, platformName=Android, deviceName=Pixel 6a, Automation Name= UiAutomator2}, platformVersion=14, webStorageEnabled=false, takesScreenshot=true, javascriptEnabled=true, platformName=Android, deviceApiLevel=34, deviceManufacturer=Google, app=D:\IPAC Projects\TeamJaganAnna\Applications\app-staging-release (3).apk, deviceScreenSize=1080x2400, networkConnectionEnabled=true, Udid=32281JEGR08738, warnings={}, databaseEnabled=false, appActivity=com.tja.activities.LandingActivity, pixelRatio=2.625, locationContextEnabled=false, deviceScreenDensity=420, deviceModel=Pixel 6a}]
Session ID: d81579e0-3615-4da4-83a5-e649534164af]]>
            </message>
            <full-stacktrace>
              <![CDATA[org.openqa.selenium.WebDriverException: An unknown server-side error occurred while processing the command. Original error: 'GET /screenshot' cannot be proxied to UiAutomator2 server because the instrumentation process is not running (probably crashed). Check the server log and/or the logcat output for more details (WARNING: The server did not provide any stacktrace information)
Command duration or timeout: 10 milliseconds
Build info: version: '2.43.1', revision: '5163bceef1bc36d43f3dc0b83c88998168a363a0', time: '2014-09-10 09:43:55'
System info: host: 'DESKTOP-08K23UN', ip: '192.168.10.116', os.name: 'Windows 10', os.arch: 'amd64', os.version: '10.0', java.version: '17'
Driver info: io.appium.java_client.android.AndroidDriver
Capabilities [{appPackage=com.tja, statBarHeight=132, viewportRect={top=132, left=0, width=1080, height=2073}, deviceName=32281JEGR08738, platform=LINUX, Automation Name= UiAutomator2, deviceUDID=32281JEGR08738, desired={app=D:\IPAC Projects\TeamJaganAnna\Applications\app-staging-release (3).apk, appPackage=com.tja, appActivity=com.tja.activities.LandingActivity, Udid=32281JEGR08738, platformVersion=14, platformName=Android, deviceName=Pixel 6a, Automation Name= UiAutomator2}, platformVersion=14, webStorageEnabled=false, takesScreenshot=true, javascriptEnabled=true, platformName=Android, deviceApiLevel=34, deviceManufacturer=Google, app=D:\IPAC Projects\TeamJaganAnna\Applications\app-staging-release (3).apk, deviceScreenSize=1080x2400, networkConnectionEnabled=true, Udid=32281JEGR08738, warnings={}, databaseEnabled=false, appActivity=com.tja.activities.LandingActivity, pixelRatio=2.625, locationContextEnabled=false, deviceScreenDensity=420, deviceModel=Pixel 6a}]
Session ID: d81579e0-3615-4da4-83a5-e649534164af
at java.base/jdk.internal.reflect.NativeConstructorAccessorImpl.newInstance0(Native Method)
at java.base/jdk.internal.reflect.NativeConstructorAccessorImpl.newInstance(NativeConstructorAccessorImpl.java:77)
at java.base/jdk.internal.reflect.DelegatingConstructorAccessorImpl.newInstance(DelegatingConstructorAccessorImpl.java:45)
at java.base/java.lang.reflect.Constructor.newInstanceWithCaller(Constructor.java:499)
at java.base/java.lang.reflect.Constructor.newInstance(Constructor.java:480)
at org.openqa.selenium.remote.ErrorHandler.createThrowable(ErrorHandler.java:204)
at org.openqa.selenium.remote.ErrorHandler.throwIfResponseFailed(ErrorHandler.java:156)
at org.openqa.selenium.remote.RemoteWebDriver.execute(RemoteWebDriver.java:599)
at io.appium.java_client.AppiumDriver.execute(AppiumDriver.java:180)
at io.appium.java_client.AppiumDriver.execute(AppiumDriver.java:185)
at org.openqa.selenium.remote.RemoteWebDriver.getScreenshotAs(RemoteWebDriver.java:324)
at Utility.base.AfterMethod(base.java:147)
at java.base/jdk.internal.reflect.NativeMethodAccessorImpl.invoke0(Native Method)
at java.base/jdk.internal.reflect.NativeMethodAccessorImpl.invoke(NativeMethodAccessorImpl.java:77)
at java.base/jdk.internal.reflect.DelegatingMethodAccessorImpl.invoke(DelegatingMethodAccessorImpl.java:43)
at java.base/java.lang.reflect.Method.invoke(Method.java:568)
at org.testng.internal.MethodInvocationHelper.invokeMethod(MethodInvocationHelper.java:133)
at org.testng.internal.MethodInvocationHelper.invokeMethodConsideringTimeout(MethodInvocationHelper.java:62)
at org.testng.internal.ConfigInvoker.invokeConfigurationMethod(ConfigInvoker.java:385)
at org.testng.internal.ConfigInvoker.invokeConfigurations(ConfigInvoker.java:321)
at org.testng.internal.TestInvoker.runConfigMethods(TestInvoker.java:700)
at org.testng.internal.TestInvoker.runAfterGroupsConfigurations(TestInvoker.java:676)
at org.testng.internal.TestInvoker.invokeMethod(TestInvoker.java:660)
at org.testng.internal.TestInvoker.invokeTestMethod(TestInvoker.java:173)
at org.testng.internal.MethodRunner.runInSequence(MethodRunner.java:46)
at org.testng.internal.TestInvoker$MethodInvocationAgent.invoke(TestInvoker.java:824)
at org.testng.internal.TestInvoker.invokeTestMethods(TestInvoker.java:146)
at org.testng.internal.TestMethodWorker.invokeTestMethods(TestMethodWorker.java:146)
at org.testng.internal.TestMethodWorker.run(TestMethodWorker.java:128)
at java.base/java.util.ArrayList.forEach(ArrayList.java:1511)
at org.testng.TestRunner.privateRun(TestRunner.java:794)
at org.testng.TestRunner.run(TestRunner.java:596)
at org.testng.SuiteRunner.runTest(SuiteRunner.java:377)
at org.testng.SuiteRunner.runSequentially(SuiteRunner.java:371)
at org.testng.SuiteRunner.privateRun(SuiteRunner.java:332)
at org.testng.SuiteRunner.run(SuiteRunner.java:276)
at org.testng.SuiteRunnerWorker.runSuite(SuiteRunnerWorker.java:53)
at org.testng.SuiteRunnerWorker.run(SuiteRunnerWorker.java:96)
at org.testng.TestNG.runSuitesSequentially(TestNG.java:1212)
at org.testng.TestNG.runSuitesLocally(TestNG.java:1134)
at org.testng.TestNG.runSuites(TestNG.java:1063)
at org.testng.TestNG.run(TestNG.java:1031)
at org.testng.remote.AbstractRemoteTestNG.run(AbstractRemoteTestNG.java:115)
at org.testng.remote.RemoteTestNG.initAndRun(RemoteTestNG.java:251)
at org.testng.remote.RemoteTestNG.main(RemoteTestNG.java:77)
]]>
            </full-stacktrace>
          </exception> <!-- org.openqa.selenium.WebDriverException -->
          <reporter-output>
          </reporter-output>
        </test-method> <!-- BasicDetailsPage -->
        <test-method is-config="true" signature="AfterMethod(org.testng.ITestResult,java.lang.reflect.Method)[pri:0, instance:TestCases.Test2@36916eb0]" started-at="2024-02-29T12:20:14 IST" name="AfterMethod" finished-at="1970-01-01T05:30:00 IST" duration-ms="-1709189414350" status="SKIP">
          <reporter-output>
          </reporter-output>
        </test-method> <!-- AfterMethod -->
        <test-method is-config="true" signature="beforemethod(java.lang.reflect.Method)[pri:0, instance:TestCases.Test2@36916eb0]" started-at="2024-02-29T12:20:14 IST" name="beforemethod" finished-at="1970-01-01T05:30:00 IST" duration-ms="-1709189414353" status="SKIP">
          <reporter-output>
          </reporter-output>
        </test-method> <!-- beforemethod -->
        <test-method signature="ReferralPage()[pri:5, instance:TestCases.Test2@36916eb0]" started-at="2024-02-29T12:20:14 IST" name="ReferralPage" finished-at="2024-02-29T12:20:14 IST" duration-ms="0" status="SKIP">
          <exception class="org.openqa.selenium.WebDriverException">
            <message>
              <![CDATA[An unknown server-side error occurred while processing the command. Original error: 'GET /screenshot' cannot be proxied to UiAutomator2 server because the instrumentation process is not running (probably crashed). Check the server log and/or the logcat output for more details (WARNING: The server did not provide any stacktrace information)
Command duration or timeout: 10 milliseconds
Build info: version: '2.43.1', revision: '5163bceef1bc36d43f3dc0b83c88998168a363a0', time: '2014-09-10 09:43:55'
System info: host: 'DESKTOP-08K23UN', ip: '192.168.10.116', os.name: 'Windows 10', os.arch: 'amd64', os.version: '10.0', java.version: '17'
Driver info: io.appium.java_client.android.AndroidDriver
Capabilities [{appPackage=com.tja, statBarHeight=132, viewportRect={top=132, left=0, width=1080, height=2073}, deviceName=32281JEGR08738, platform=LINUX, Automation Name= UiAutomator2, deviceUDID=32281JEGR08738, desired={app=D:\IPAC Projects\TeamJaganAnna\Applications\app-staging-release (3).apk, appPackage=com.tja, appActivity=com.tja.activities.LandingActivity, Udid=32281JEGR08738, platformVersion=14, platformName=Android, deviceName=Pixel 6a, Automation Name= UiAutomator2}, platformVersion=14, webStorageEnabled=false, takesScreenshot=true, javascriptEnabled=true, platformName=Android, deviceApiLevel=34, deviceManufacturer=Google, app=D:\IPAC Projects\TeamJaganAnna\Applications\app-staging-release (3).apk, deviceScreenSize=1080x2400, networkConnectionEnabled=true, Udid=32281JEGR08738, warnings={}, databaseEnabled=false, appActivity=com.tja.activities.LandingActivity, pixelRatio=2.625, locationContextEnabled=false, deviceScreenDensity=420, deviceModel=Pixel 6a}]
Session ID: d81579e0-3615-4da4-83a5-e649534164af]]>
            </message>
            <full-stacktrace>
              <![CDATA[org.openqa.selenium.WebDriverException: An unknown server-side error occurred while processing the command. Original error: 'GET /screenshot' cannot be proxied to UiAutomator2 server because the instrumentation process is not running (probably crashed). Check the server log and/or the logcat output for more details (WARNING: The server did not provide any stacktrace information)
Command duration or timeout: 10 milliseconds
Build info: version: '2.43.1', revision: '5163bceef1bc36d43f3dc0b83c88998168a363a0', time: '2014-09-10 09:43:55'
System info: host: 'DESKTOP-08K23UN', ip: '192.168.10.116', os.name: 'Windows 10', os.arch: 'amd64', os.version: '10.0', java.version: '17'
Driver info: io.appium.java_client.android.AndroidDriver
Capabilities [{appPackage=com.tja, statBarHeight=132, viewportRect={top=132, left=0, width=1080, height=2073}, deviceName=32281JEGR08738, platform=LINUX, Automation Name= UiAutomator2, deviceUDID=32281JEGR08738, desired={app=D:\IPAC Projects\TeamJaganAnna\Applications\app-staging-release (3).apk, appPackage=com.tja, appActivity=com.tja.activities.LandingActivity, Udid=32281JEGR08738, platformVersion=14, platformName=Android, deviceName=Pixel 6a, Automation Name= UiAutomator2}, platformVersion=14, webStorageEnabled=false, takesScreenshot=true, javascriptEnabled=true, platformName=Android, deviceApiLevel=34, deviceManufacturer=Google, app=D:\IPAC Projects\TeamJaganAnna\Applications\app-staging-release (3).apk, deviceScreenSize=1080x2400, networkConnectionEnabled=true, Udid=32281JEGR08738, warnings={}, databaseEnabled=false, appActivity=com.tja.activities.LandingActivity, pixelRatio=2.625, locationContextEnabled=false, deviceScreenDensity=420, deviceModel=Pixel 6a}]
Session ID: d81579e0-3615-4da4-83a5-e649534164af
at java.base/jdk.internal.reflect.NativeConstructorAccessorImpl.newInstance0(Native Method)
at java.base/jdk.internal.reflect.NativeConstructorAccessorImpl.newInstance(NativeConstructorAccessorImpl.java:77)
at java.base/jdk.internal.reflect.DelegatingConstructorAccessorImpl.newInstance(DelegatingConstructorAccessorImpl.java:45)
at java.base/java.lang.reflect.Constructor.newInstanceWithCaller(Constructor.java:499)
at java.base/java.lang.reflect.Constructor.newInstance(Constructor.java:480)
at org.openqa.selenium.remote.ErrorHandler.createThrowable(ErrorHandler.java:204)
at org.openqa.selenium.remote.ErrorHandler.throwIfResponseFailed(ErrorHandler.java:156)
at org.openqa.selenium.remote.RemoteWebDriver.execute(RemoteWebDriver.java:599)
at io.appium.java_client.AppiumDriver.execute(AppiumDriver.java:180)
at io.appium.java_client.AppiumDriver.execute(AppiumDriver.java:185)
at org.openqa.selenium.remote.RemoteWebDriver.getScreenshotAs(RemoteWebDriver.java:324)
at Utility.base.AfterMethod(base.java:147)
at java.base/jdk.internal.reflect.NativeMethodAccessorImpl.invoke0(Native Method)
at java.base/jdk.internal.reflect.NativeMethodAccessorImpl.invoke(NativeMethodAccessorImpl.java:77)
at java.base/jdk.internal.reflect.DelegatingMethodAccessorImpl.invoke(DelegatingMethodAccessorImpl.java:43)
at java.base/java.lang.reflect.Method.invoke(Method.java:568)
at org.testng.internal.MethodInvocationHelper.invokeMethod(MethodInvocationHelper.java:133)
at org.testng.internal.MethodInvocationHelper.invokeMethodConsideringTimeout(MethodInvocationHelper.java:62)
at org.testng.internal.ConfigInvoker.invokeConfigurationMethod(ConfigInvoker.java:385)
at org.testng.internal.ConfigInvoker.invokeConfigurations(ConfigInvoker.java:321)
at org.testng.internal.TestInvoker.runConfigMethods(TestInvoker.java:700)
at org.testng.internal.TestInvoker.runAfterGroupsConfigurations(TestInvoker.java:676)
at org.testng.internal.TestInvoker.invokeMethod(TestInvoker.java:660)
at org.testng.internal.TestInvoker.invokeTestMethod(TestInvoker.java:173)
at org.testng.internal.MethodRunner.runInSequence(MethodRunner.java:46)
at org.testng.internal.TestInvoker$MethodInvocationAgent.invoke(TestInvoker.java:824)
at org.testng.internal.TestInvoker.invokeTestMethods(TestInvoker.java:146)
at org.testng.internal.TestMethodWorker.invokeTestMethods(TestMethodWorker.java:146)
at org.testng.internal.TestMethodWorker.run(TestMethodWorker.java:128)
at java.base/java.util.ArrayList.forEach(ArrayList.java:1511)
at org.testng.TestRunner.privateRun(TestRunner.java:794)
at org.testng.TestRunner.run(TestRunner.java:596)
at org.testng.SuiteRunner.runTest(SuiteRunner.java:377)
at org.testng.SuiteRunner.runSequentially(SuiteRunner.java:371)
at org.testng.SuiteRunner.privateRun(SuiteRunner.java:332)
at org.testng.SuiteRunner.run(SuiteRunner.java:276)
at org.testng.SuiteRunnerWorker.runSuite(SuiteRunnerWorker.java:53)
at org.testng.SuiteRunnerWorker.run(SuiteRunnerWorker.java:96)
at org.testng.TestNG.runSuitesSequentially(TestNG.java:1212)
at org.testng.TestNG.runSuitesLocally(TestNG.java:1134)
at org.testng.TestNG.runSuites(TestNG.java:1063)
at org.testng.TestNG.run(TestNG.java:1031)
at org.testng.remote.AbstractRemoteTestNG.run(AbstractRemoteTestNG.java:115)
at org.testng.remote.RemoteTestNG.initAndRun(RemoteTestNG.java:251)
at org.testng.remote.RemoteTestNG.main(RemoteTestNG.java:77)
]]>
            </full-stacktrace>
          </exception> <!-- org.openqa.selenium.WebDriverException -->
          <reporter-output>
          </reporter-output>
        </test-method> <!-- ReferralPage -->
        <test-method is-config="true" signature="AfterMethod(org.testng.ITestResult,java.lang.reflect.Method)[pri:0, instance:TestCases.Test2@36916eb0]" started-at="2024-02-29T12:20:14 IST" name="AfterMethod" finished-at="1970-01-01T05:30:00 IST" duration-ms="-1709189414361" status="SKIP">
          <reporter-output>
          </reporter-output>
        </test-method> <!-- AfterMethod -->
        <test-method is-config="true" signature="beforemethod(java.lang.reflect.Method)[pri:0, instance:TestCases.Test2@36916eb0]" started-at="2024-02-29T12:20:14 IST" name="beforemethod" finished-at="1970-01-01T05:30:00 IST" duration-ms="-1709189414364" status="SKIP">
          <reporter-output>
          </reporter-output>
        </test-method> <!-- beforemethod -->
        <test-method signature="ContactUsPage()[pri:6, instance:TestCases.Test2@36916eb0]" started-at="2024-02-29T12:20:14 IST" name="ContactUsPage" finished-at="2024-02-29T12:20:14 IST" duration-ms="0" status="SKIP">
          <exception class="org.openqa.selenium.WebDriverException">
            <message>
              <![CDATA[An unknown server-side error occurred while processing the command. Original error: 'GET /screenshot' cannot be proxied to UiAutomator2 server because the instrumentation process is not running (probably crashed). Check the server log and/or the logcat output for more details (WARNING: The server did not provide any stacktrace information)
Command duration or timeout: 10 milliseconds
Build info: version: '2.43.1', revision: '5163bceef1bc36d43f3dc0b83c88998168a363a0', time: '2014-09-10 09:43:55'
System info: host: 'DESKTOP-08K23UN', ip: '192.168.10.116', os.name: 'Windows 10', os.arch: 'amd64', os.version: '10.0', java.version: '17'
Driver info: io.appium.java_client.android.AndroidDriver
Capabilities [{appPackage=com.tja, statBarHeight=132, viewportRect={top=132, left=0, width=1080, height=2073}, deviceName=32281JEGR08738, platform=LINUX, Automation Name= UiAutomator2, deviceUDID=32281JEGR08738, desired={app=D:\IPAC Projects\TeamJaganAnna\Applications\app-staging-release (3).apk, appPackage=com.tja, appActivity=com.tja.activities.LandingActivity, Udid=32281JEGR08738, platformVersion=14, platformName=Android, deviceName=Pixel 6a, Automation Name= UiAutomator2}, platformVersion=14, webStorageEnabled=false, takesScreenshot=true, javascriptEnabled=true, platformName=Android, deviceApiLevel=34, deviceManufacturer=Google, app=D:\IPAC Projects\TeamJaganAnna\Applications\app-staging-release (3).apk, deviceScreenSize=1080x2400, networkConnectionEnabled=true, Udid=32281JEGR08738, warnings={}, databaseEnabled=false, appActivity=com.tja.activities.LandingActivity, pixelRatio=2.625, locationContextEnabled=false, deviceScreenDensity=420, deviceModel=Pixel 6a}]
Session ID: d81579e0-3615-4da4-83a5-e649534164af]]>
            </message>
            <full-stacktrace>
              <![CDATA[org.openqa.selenium.WebDriverException: An unknown server-side error occurred while processing the command. Original error: 'GET /screenshot' cannot be proxied to UiAutomator2 server because the instrumentation process is not running (probably crashed). Check the server log and/or the logcat output for more details (WARNING: The server did not provide any stacktrace information)
Command duration or timeout: 10 milliseconds
Build info: version: '2.43.1', revision: '5163bceef1bc36d43f3dc0b83c88998168a363a0', time: '2014-09-10 09:43:55'
System info: host: 'DESKTOP-08K23UN', ip: '192.168.10.116', os.name: 'Windows 10', os.arch: 'amd64', os.version: '10.0', java.version: '17'
Driver info: io.appium.java_client.android.AndroidDriver
Capabilities [{appPackage=com.tja, statBarHeight=132, viewportRect={top=132, left=0, width=1080, height=2073}, deviceName=32281JEGR08738, platform=LINUX, Automation Name= UiAutomator2, deviceUDID=32281JEGR08738, desired={app=D:\IPAC Projects\TeamJaganAnna\Applications\app-staging-release (3).apk, appPackage=com.tja, appActivity=com.tja.activities.LandingActivity, Udid=32281JEGR08738, platformVersion=14, platformName=Android, deviceName=Pixel 6a, Automation Name= UiAutomator2}, platformVersion=14, webStorageEnabled=false, takesScreenshot=true, javascriptEnabled=true, platformName=Android, deviceApiLevel=34, deviceManufacturer=Google, app=D:\IPAC Projects\TeamJaganAnna\Applications\app-staging-release (3).apk, deviceScreenSize=1080x2400, networkConnectionEnabled=true, Udid=32281JEGR08738, warnings={}, databaseEnabled=false, appActivity=com.tja.activities.LandingActivity, pixelRatio=2.625, locationContextEnabled=false, deviceScreenDensity=420, deviceModel=Pixel 6a}]
Session ID: d81579e0-3615-4da4-83a5-e649534164af
at java.base/jdk.internal.reflect.NativeConstructorAccessorImpl.newInstance0(Native Method)
at java.base/jdk.internal.reflect.NativeConstructorAccessorImpl.newInstance(NativeConstructorAccessorImpl.java:77)
at java.base/jdk.internal.reflect.DelegatingConstructorAccessorImpl.newInstance(DelegatingConstructorAccessorImpl.java:45)
at java.base/java.lang.reflect.Constructor.newInstanceWithCaller(Constructor.java:499)
at java.base/java.lang.reflect.Constructor.newInstance(Constructor.java:480)
at org.openqa.selenium.remote.ErrorHandler.createThrowable(ErrorHandler.java:204)
at org.openqa.selenium.remote.ErrorHandler.throwIfResponseFailed(ErrorHandler.java:156)
at org.openqa.selenium.remote.RemoteWebDriver.execute(RemoteWebDriver.java:599)
at io.appium.java_client.AppiumDriver.execute(AppiumDriver.java:180)
at io.appium.java_client.AppiumDriver.execute(AppiumDriver.java:185)
at org.openqa.selenium.remote.RemoteWebDriver.getScreenshotAs(RemoteWebDriver.java:324)
at Utility.base.AfterMethod(base.java:147)
at java.base/jdk.internal.reflect.NativeMethodAccessorImpl.invoke0(Native Method)
at java.base/jdk.internal.reflect.NativeMethodAccessorImpl.invoke(NativeMethodAccessorImpl.java:77)
at java.base/jdk.internal.reflect.DelegatingMethodAccessorImpl.invoke(DelegatingMethodAccessorImpl.java:43)
at java.base/java.lang.reflect.Method.invoke(Method.java:568)
at org.testng.internal.MethodInvocationHelper.invokeMethod(MethodInvocationHelper.java:133)
at org.testng.internal.MethodInvocationHelper.invokeMethodConsideringTimeout(MethodInvocationHelper.java:62)
at org.testng.internal.ConfigInvoker.invokeConfigurationMethod(ConfigInvoker.java:385)
at org.testng.internal.ConfigInvoker.invokeConfigurations(ConfigInvoker.java:321)
at org.testng.internal.TestInvoker.runConfigMethods(TestInvoker.java:700)
at org.testng.internal.TestInvoker.runAfterGroupsConfigurations(TestInvoker.java:676)
at org.testng.internal.TestInvoker.invokeMethod(TestInvoker.java:660)
at org.testng.internal.TestInvoker.invokeTestMethod(TestInvoker.java:173)
at org.testng.internal.MethodRunner.runInSequence(MethodRunner.java:46)
at org.testng.internal.TestInvoker$MethodInvocationAgent.invoke(TestInvoker.java:824)
at org.testng.internal.TestInvoker.invokeTestMethods(TestInvoker.java:146)
at org.testng.internal.TestMethodWorker.invokeTestMethods(TestMethodWorker.java:146)
at org.testng.internal.TestMethodWorker.run(TestMethodWorker.java:128)
at java.base/java.util.ArrayList.forEach(ArrayList.java:1511)
at org.testng.TestRunner.privateRun(TestRunner.java:794)
at org.testng.TestRunner.run(TestRunner.java:596)
at org.testng.SuiteRunner.runTest(SuiteRunner.java:377)
at org.testng.SuiteRunner.runSequentially(SuiteRunner.java:371)
at org.testng.SuiteRunner.privateRun(SuiteRunner.java:332)
at org.testng.SuiteRunner.run(SuiteRunner.java:276)
at org.testng.SuiteRunnerWorker.runSuite(SuiteRunnerWorker.java:53)
at org.testng.SuiteRunnerWorker.run(SuiteRunnerWorker.java:96)
at org.testng.TestNG.runSuitesSequentially(TestNG.java:1212)
at org.testng.TestNG.runSuitesLocally(TestNG.java:1134)
at org.testng.TestNG.runSuites(TestNG.java:1063)
at org.testng.TestNG.run(TestNG.java:1031)
at org.testng.remote.AbstractRemoteTestNG.run(AbstractRemoteTestNG.java:115)
at org.testng.remote.RemoteTestNG.initAndRun(RemoteTestNG.java:251)
at org.testng.remote.RemoteTestNG.main(RemoteTestNG.java:77)
]]>
            </full-stacktrace>
          </exception> <!-- org.openqa.selenium.WebDriverException -->
          <reporter-output>
          </reporter-output>
        </test-method> <!-- ContactUsPage -->
        <test-method is-config="true" signature="AfterMethod(org.testng.ITestResult,java.lang.reflect.Method)[pri:0, instance:TestCases.Test2@36916eb0]" started-at="2024-02-29T12:20:14 IST" name="AfterMethod" finished-at="1970-01-01T05:30:00 IST" duration-ms="-1709189414369" status="SKIP">
          <reporter-output>
          </reporter-output>
        </test-method> <!-- AfterMethod -->
        <test-method is-config="true" signature="endreport()[pri:0, instance:TestCases.Test2@36916eb0]" started-at="2024-02-29T12:20:14 IST" name="endreport" finished-at="2024-02-29T12:20:14 IST" duration-ms="97" status="PASS">
          <reporter-output>
          </reporter-output>
        </test-method> <!-- endreport -->
        <test-method is-config="true" signature="CloseBrowser()[pri:0, instance:TestCases.Test2@36916eb0]" started-at="2024-02-29T12:20:14 IST" name="CloseBrowser" finished-at="2024-02-29T12:20:14 IST" duration-ms="13" status="FAIL">
          <exception class="org.openqa.selenium.WebDriverException">
            <message>
              <![CDATA[An unknown server-side error occurred while processing the command. Original error: Could not proxy. Proxy error: 'DELETE /wd/hub/session/d81579e0-3615-4da4-83a5-e649534164af/window' cannot be proxied to UiAutomator2 server because the instrumentation process is not running (probably crashed). Check the server log and/or the logcat output for more details (WARNING: The server did not provide any stacktrace information)
Command duration or timeout: 12 milliseconds
Build info: version: '2.43.1', revision: '5163bceef1bc36d43f3dc0b83c88998168a363a0', time: '2014-09-10 09:43:55'
System info: host: 'DESKTOP-08K23UN', ip: '192.168.10.116', os.name: 'Windows 10', os.arch: 'amd64', os.version: '10.0', java.version: '17'
Driver info: io.appium.java_client.android.AndroidDriver
Capabilities [{appPackage=com.tja, statBarHeight=132, viewportRect={top=132, left=0, width=1080, height=2073}, deviceName=32281JEGR08738, platform=LINUX, Automation Name= UiAutomator2, deviceUDID=32281JEGR08738, desired={app=D:\IPAC Projects\TeamJaganAnna\Applications\app-staging-release (3).apk, appPackage=com.tja, appActivity=com.tja.activities.LandingActivity, Udid=32281JEGR08738, platformVersion=14, platformName=Android, deviceName=Pixel 6a, Automation Name= UiAutomator2}, platformVersion=14, webStorageEnabled=false, takesScreenshot=true, javascriptEnabled=true, platformName=Android, deviceApiLevel=34, deviceManufacturer=Google, app=D:\IPAC Projects\TeamJaganAnna\Applications\app-staging-release (3).apk, deviceScreenSize=1080x2400, networkConnectionEnabled=true, Udid=32281JEGR08738, warnings={}, databaseEnabled=false, appActivity=com.tja.activities.LandingActivity, pixelRatio=2.625, locationContextEnabled=false, deviceScreenDensity=420, deviceModel=Pixel 6a}]
Session ID: d81579e0-3615-4da4-83a5-e649534164af]]>
            </message>
            <full-stacktrace>
              <![CDATA[org.openqa.selenium.WebDriverException: An unknown server-side error occurred while processing the command. Original error: Could not proxy. Proxy error: 'DELETE /wd/hub/session/d81579e0-3615-4da4-83a5-e649534164af/window' cannot be proxied to UiAutomator2 server because the instrumentation process is not running (probably crashed). Check the server log and/or the logcat output for more details (WARNING: The server did not provide any stacktrace information)
Command duration or timeout: 12 milliseconds
Build info: version: '2.43.1', revision: '5163bceef1bc36d43f3dc0b83c88998168a363a0', time: '2014-09-10 09:43:55'
System info: host: 'DESKTOP-08K23UN', ip: '192.168.10.116', os.name: 'Windows 10', os.arch: 'amd64', os.version: '10.0', java.version: '17'
Driver info: io.appium.java_client.android.AndroidDriver
Capabilities [{appPackage=com.tja, statBarHeight=132, viewportRect={top=132, left=0, width=1080, height=2073}, deviceName=32281JEGR08738, platform=LINUX, Automation Name= UiAutomator2, deviceUDID=32281JEGR08738, desired={app=D:\IPAC Projects\TeamJaganAnna\Applications\app-staging-release (3).apk, appPackage=com.tja, appActivity=com.tja.activities.LandingActivity, Udid=32281JEGR08738, platformVersion=14, platformName=Android, deviceName=Pixel 6a, Automation Name= UiAutomator2}, platformVersion=14, webStorageEnabled=false, takesScreenshot=true, javascriptEnabled=true, platformName=Android, deviceApiLevel=34, deviceManufacturer=Google, app=D:\IPAC Projects\TeamJaganAnna\Applications\app-staging-release (3).apk, deviceScreenSize=1080x2400, networkConnectionEnabled=true, Udid=32281JEGR08738, warnings={}, databaseEnabled=false, appActivity=com.tja.activities.LandingActivity, pixelRatio=2.625, locationContextEnabled=false, deviceScreenDensity=420, deviceModel=Pixel 6a}]
Session ID: d81579e0-3615-4da4-83a5-e649534164af
at java.base/jdk.internal.reflect.NativeConstructorAccessorImpl.newInstance0(Native Method)
at java.base/jdk.internal.reflect.NativeConstructorAccessorImpl.newInstance(NativeConstructorAccessorImpl.java:77)
at java.base/jdk.internal.reflect.DelegatingConstructorAccessorImpl.newInstance(DelegatingConstructorAccessorImpl.java:45)
at java.base/java.lang.reflect.Constructor.newInstanceWithCaller(Constructor.java:499)
at java.base/java.lang.reflect.Constructor.newInstance(Constructor.java:480)
at org.openqa.selenium.remote.ErrorHandler.createThrowable(ErrorHandler.java:204)
at org.openqa.selenium.remote.ErrorHandler.throwIfResponseFailed(ErrorHandler.java:156)
at org.openqa.selenium.remote.RemoteWebDriver.execute(RemoteWebDriver.java:599)
at io.appium.java_client.AppiumDriver.execute(AppiumDriver.java:180)
at io.appium.java_client.AppiumDriver.execute(AppiumDriver.java:185)
at org.openqa.selenium.remote.RemoteWebDriver.close(RemoteWebDriver.java:463)
at Utility.base.CloseBrowser(base.java:244)
at java.base/jdk.internal.reflect.NativeMethodAccessorImpl.invoke0(Native Method)
at java.base/jdk.internal.reflect.NativeMethodAccessorImpl.invoke(NativeMethodAccessorImpl.java:77)
at java.base/jdk.internal.reflect.DelegatingMethodAccessorImpl.invoke(DelegatingMethodAccessorImpl.java:43)
at java.base/java.lang.reflect.Method.invoke(Method.java:568)
at org.testng.internal.MethodInvocationHelper.invokeMethod(MethodInvocationHelper.java:133)
at org.testng.internal.MethodInvocationHelper.invokeMethodConsideringTimeout(MethodInvocationHelper.java:62)
at org.testng.internal.ConfigInvoker.invokeConfigurationMethod(ConfigInvoker.java:385)
at org.testng.internal.ConfigInvoker.invokeConfigurations(ConfigInvoker.java:321)
at org.testng.SuiteRunner.privateRun(SuiteRunner.java:344)
at org.testng.SuiteRunner.run(SuiteRunner.java:276)
at org.testng.SuiteRunnerWorker.runSuite(SuiteRunnerWorker.java:53)
at org.testng.SuiteRunnerWorker.run(SuiteRunnerWorker.java:96)
at org.testng.TestNG.runSuitesSequentially(TestNG.java:1212)
at org.testng.TestNG.runSuitesLocally(TestNG.java:1134)
at org.testng.TestNG.runSuites(TestNG.java:1063)
at org.testng.TestNG.run(TestNG.java:1031)
at org.testng.remote.AbstractRemoteTestNG.run(AbstractRemoteTestNG.java:115)
at org.testng.remote.RemoteTestNG.initAndRun(RemoteTestNG.java:251)
at org.testng.remote.RemoteTestNG.main(RemoteTestNG.java:77)
]]>
            </full-stacktrace>
          </exception> <!-- org.openqa.selenium.WebDriverException -->
          <reporter-output>
          </reporter-output>
        </test-method> <!-- CloseBrowser -->
      </class> <!-- TestCases.Test2 -->
    </test> <!-- Default test -->
  </suite> <!-- Default suite -->
</testng-results>
