<?xml version="1.0" encoding="UTF-8"?>
<!-- Generated by org.testng.reporters.JUnitReportReporter -->
<testsuite hostname="DESKTOP-08K23UN" failures="0" tests="1" name="TestCases.LoginPageTest" time="14.819" errors="1" timestamp="2024-01-29T11:56:37 IST" skipped="0">
  <testcase classname="TestCases.LoginPageTest" name="Language" time="14.819">
    <error message="An element could not be located on the page using the given search parameters.
For documentation on this error, please visit: https://www.selenium.dev/documentation/webdriver/troubleshooting/errors#no-such-element-exception
Build info: version: &#039;4.16.1&#039;, revision: &#039;9b4c83354e&#039;
System info: os.name: &#039;Windows 10&#039;, os.arch: &#039;amd64&#039;, os.version: &#039;10.0&#039;, java.version: &#039;17&#039;
Driver info: org.openqa.selenium.remote.RemoteWebDriver
Command: [41c5551c-c793-4448-a98c-504c31bc2f71, findElement {using=xpath, value=//android.widget.TextView[@resource-id=&quot;com.tja:id/tvLangLetter&quot; and @text=&quot;Telugu&quot;]}]
Capabilities {Automation Name:  UiAutomator2, Udid: 10BCAX0CX0000K0, appActivity: com.tja.activities.LandingA..., appPackage: com.tja, databaseEnabled: false, desired: {Automation Name:  UiAutomator2, Udid: 10BCAX0CX0000K0, appActivity: com.tja.activities.LandingA..., appPackage: com.tja, deviceName: Pixel 6a, platformName: android, platformVersion: 13}, deviceApiLevel: 33, deviceManufacturer: vivo, deviceModel: V2205, deviceName: 10BCAX0CX0000K0, deviceScreenDensity: 440, deviceScreenSize: 1080x2408, deviceUDID: 10BCAX0CX0000K0, javascriptEnabled: true, locationContextEnabled: false, networkConnectionEnabled: true, pixelRatio: 2.75, platform: LINUX, platformName: ANDROID, platformVersion: 13, statBarHeight: 88, takesScreenshot: true, viewportRect: {height: 2188, left: 0, top: 88, width: 1080}, warnings: {}, webStorageEnabled: false}
Session ID: 41c5551c-c793-4448-a98c-504c31bc2f71" type="org.openqa.selenium.NoSuchElementException">
      <![CDATA[org.openqa.selenium.NoSuchElementException: An element could not be located on the page using the given search parameters.
For documentation on this error, please visit: https://www.selenium.dev/documentation/webdriver/troubleshooting/errors#no-such-element-exception
Build info: version: '4.16.1', revision: '9b4c83354e'
System info: os.name: 'Windows 10', os.arch: 'amd64', os.version: '10.0', java.version: '17'
Driver info: org.openqa.selenium.remote.RemoteWebDriver
Command: [41c5551c-c793-4448-a98c-504c31bc2f71, findElement {using=xpath, value=//android.widget.TextView[@resource-id="com.tja:id/tvLangLetter" and @text="Telugu"]}]
Capabilities {Automation Name:  UiAutomator2, Udid: 10BCAX0CX0000K0, appActivity: com.tja.activities.LandingA..., appPackage: com.tja, databaseEnabled: false, desired: {Automation Name:  UiAutomator2, Udid: 10BCAX0CX0000K0, appActivity: com.tja.activities.LandingA..., appPackage: com.tja, deviceName: Pixel 6a, platformName: android, platformVersion: 13}, deviceApiLevel: 33, deviceManufacturer: vivo, deviceModel: V2205, deviceName: 10BCAX0CX0000K0, deviceScreenDensity: 440, deviceScreenSize: 1080x2408, deviceUDID: 10BCAX0CX0000K0, javascriptEnabled: true, locationContextEnabled: false, networkConnectionEnabled: true, pixelRatio: 2.75, platform: LINUX, platformName: ANDROID, platformVersion: 13, statBarHeight: 88, takesScreenshot: true, viewportRect: {height: 2188, left: 0, top: 88, width: 1080}, warnings: {}, webStorageEnabled: false}
Session ID: 41c5551c-c793-4448-a98c-504c31bc2f71
at java.base/jdk.internal.reflect.NativeConstructorAccessorImpl.newInstance0(Native Method)
at java.base/jdk.internal.reflect.NativeConstructorAccessorImpl.newInstance(NativeConstructorAccessorImpl.java:77)
at java.base/jdk.internal.reflect.DelegatingConstructorAccessorImpl.newInstance(DelegatingConstructorAccessorImpl.java:45)
at java.base/java.lang.reflect.Constructor.newInstanceWithCaller(Constructor.java:499)
at java.base/java.lang.reflect.Constructor.newInstance(Constructor.java:480)
at org.openqa.selenium.remote.codec.w3c.W3CHttpResponseCodec.createException(W3CHttpResponseCodec.java:200)
at org.openqa.selenium.remote.codec.w3c.W3CHttpResponseCodec.decode(W3CHttpResponseCodec.java:133)
at org.openqa.selenium.remote.codec.w3c.W3CHttpResponseCodec.decode(W3CHttpResponseCodec.java:53)
at org.openqa.selenium.remote.HttpCommandExecutor.execute(HttpCommandExecutor.java:184)
at org.openqa.selenium.remote.TracedCommandExecutor.execute(TracedCommandExecutor.java:51)
at org.openqa.selenium.remote.RemoteWebDriver.execute(RemoteWebDriver.java:541)
at org.openqa.selenium.remote.ElementLocation$ElementFinder$2.findElement(ElementLocation.java:162)
at org.openqa.selenium.remote.ElementLocation.findElement(ElementLocation.java:60)
at org.openqa.selenium.remote.RemoteWebDriver.findElement(RemoteWebDriver.java:365)
at org.openqa.selenium.remote.RemoteWebDriver.findElement(RemoteWebDriver.java:357)
at TestCases.LoginPageTest.Language(LoginPageTest.java:46)
at java.base/jdk.internal.reflect.NativeMethodAccessorImpl.invoke0(Native Method)
at java.base/jdk.internal.reflect.NativeMethodAccessorImpl.invoke(NativeMethodAccessorImpl.java:77)
at java.base/jdk.internal.reflect.DelegatingMethodAccessorImpl.invoke(DelegatingMethodAccessorImpl.java:43)
at java.base/java.lang.reflect.Method.invoke(Method.java:568)
at org.testng.internal.MethodInvocationHelper.invokeMethod(MethodInvocationHelper.java:133)
at org.testng.internal.TestInvoker.invokeMethod(TestInvoker.java:598)
at org.testng.internal.TestInvoker.invokeTestMethod(TestInvoker.java:173)
at org.testng.internal.MethodRunner.runInSequence(MethodRunner.java:46)
at org.testng.internal.TestInvoker$MethodInvocationAgent.invoke(TestInvoker.java:824)
at org.testng.internal.TestInvoker.invokeTestMethods(TestInvoker.java:146)
at org.testng.internal.TestMethodWorker.invokeTestMethods(TestMethodWorker.java:146)
at org.testng.internal.TestMethodWorker.run(TestMethodWorker.java:128)
at java.base/java.util.ArrayList.forEach(ArrayList.java:1511)
at org.testng.TestRunner.privateRun(TestRunner.java:794)
at org.testng.TestRunner.run(TestRunner.java:596)
at org.testng.SuiteRunner.runTest(SuiteRunner.java:377)
at org.testng.SuiteRunner.runSequentially(SuiteRunner.java:371)
at org.testng.SuiteRunner.privateRun(SuiteRunner.java:332)
at org.testng.SuiteRunner.run(SuiteRunner.java:276)
at org.testng.SuiteRunnerWorker.runSuite(SuiteRunnerWorker.java:53)
at org.testng.SuiteRunnerWorker.run(SuiteRunnerWorker.java:96)
at org.testng.TestNG.runSuitesSequentially(TestNG.java:1212)
at org.testng.TestNG.runSuitesLocally(TestNG.java:1134)
at org.testng.TestNG.runSuites(TestNG.java:1063)
at org.testng.TestNG.run(TestNG.java:1031)
at org.testng.remote.AbstractRemoteTestNG.run(AbstractRemoteTestNG.java:115)
at org.testng.remote.RemoteTestNG.initAndRun(RemoteTestNG.java:251)
at org.testng.remote.RemoteTestNG.main(RemoteTestNG.java:77)
]]>
    </error>
  </testcase> <!-- Language -->
  <system-out/>
</testsuite> <!-- TestCases.LoginPageTest -->
